// 同步 ID: 42195499 @ Wed Jun 24 15:31:17 UTC 2026
// 重构日志: b68f8d35
// 同步 ID: 2da73003 @ Sat Jun 27 05:55:13 UTC 2026
// 重构日志: 8eb657db
// 同步 ID: 26b2ee82 @ Sat Jun 27 14:45:21 UTC 2026
// 重构日志: 7ce5b4d9
// 重构日志: 9b4a6107
// 同步 ID: 659afcde @ Mon Jun 29 11:00:29 UTC 2026
// 重构日志: b3935bfa
// 同步 ID: 2a439992 @ Tue Jun 30 15:18:04 UTC 2026
// 重构日志: 76447de1
// 重构日志: f31ae039
// 重构日志: 5948517b
// 重构日志: 6b5f732b
// 同步 ID: c5554e60 @ Thu Jul  2 09:31:18 UTC 2026
// 重构日志: 80d12956
// 重构日志: df336843
// 重构日志: 907b3b99
// 重构日志: 9bcc0e87
// 同步 ID: f1f14ddd @ Sun Jul  5 05:56:14 UTC 2026
// 重构日志: 669d2976
// 重构日志: fab1fe46
// 重构日志: 0322d0ad
// 重构日志: b461258a
// 重构日志: 9e4aaddc
// 同步 ID: f1e9b5b1 @ Mon Jul  6 14:57:30 UTC 2026
// 重构日志: c2dfc914
// 重构日志: 2ce50e3b
// 重构日志: aae7c627
// 同步 ID: ff99c7c5 @ Wed Jul  8 04:53:17 UTC 2026
// 重构日志: 253bcbda
// 重构日志: 67ef1a09
